<?xml version="1.0" encoding="UTF-8"?>
<!-- Generated by org.testng.reporters.JUnitReportReporter -->
<testsuite hostname="DESKTOP-F64CGBO" name="tests.NewTest" tests="1" failures="0" timestamp="21 Dec 2018 17:34:25 GMT" time="33.190" errors="0">
  <testcase name="openMyBlog" time="33.190" classname="tests.NewTest"/>
</testsuite> <!-- tests.NewTest -->
